<?xml version="1.0" encoding="UTF-8"?>
<testng-results ignored="0" total="4" passed="3" failed="1" skipped="0">
  <reporter-output>
  </reporter-output>
  <suite started-at="2021-10-21T14:55:14Z" name="Default suite" finished-at="2021-10-21T14:56:52Z" duration-ms="97782">
    <groups>
    </groups>
    <test started-at="2021-10-21T14:55:14Z" name="Default test" finished-at="2021-10-21T14:56:52Z" duration-ms="97782">
      <class name="com.testng.parametersdemo.listenersdemo2.TestClass2">
        <test-method is-config="true" signature="setUp2()[pri:0, instance:com.testng.parametersdemo.listenersdemo2.TestClass2@49c66ade]" started-at="2021-10-21T14:55:14Z" name="setUp2" finished-at="2021-10-21T14:55:36Z" duration-ms="21729" status="PASS">
          <reporter-output>
          </reporter-output>
        </test-method> <!-- setUp2 -->
        <test-method signature="case1()[pri:0, instance:com.testng.parametersdemo.listenersdemo2.TestClass2@49c66ade]" started-at="2021-10-21T14:55:36Z" name="case1" finished-at="2021-10-21T14:55:36Z" duration-ms="6" status="PASS">
          <reporter-output>
          </reporter-output>
        </test-method> <!-- case1 -->
        <test-method is-config="true" signature="tearDown2()[pri:0, instance:com.testng.parametersdemo.listenersdemo2.TestClass2@49c66ade]" started-at="2021-10-21T14:55:36Z" name="tearDown2" finished-at="2021-10-21T14:55:37Z" duration-ms="799" status="PASS">
          <reporter-output>
          </reporter-output>
        </test-method> <!-- tearDown2 -->
        <test-method is-config="true" signature="setUp2()[pri:0, instance:com.testng.parametersdemo.listenersdemo2.TestClass2@49c66ade]" started-at="2021-10-21T14:55:37Z" name="setUp2" finished-at="2021-10-21T14:55:52Z" duration-ms="15733" status="PASS">
          <reporter-output>
          </reporter-output>
        </test-method> <!-- setUp2 -->
        <test-method signature="case2()[pri:0, instance:com.testng.parametersdemo.listenersdemo2.TestClass2@49c66ade]" started-at="2021-10-21T14:55:52Z" name="case2" finished-at="2021-10-21T14:55:52Z" duration-ms="2" status="PASS">
          <reporter-output>
          </reporter-output>
        </test-method> <!-- case2 -->
        <test-method is-config="true" signature="tearDown2()[pri:0, instance:com.testng.parametersdemo.listenersdemo2.TestClass2@49c66ade]" started-at="2021-10-21T14:55:52Z" name="tearDown2" finished-at="2021-10-21T14:55:53Z" duration-ms="816" status="PASS">
          <reporter-output>
          </reporter-output>
        </test-method> <!-- tearDown2 -->
        <test-method is-config="true" signature="setUp2()[pri:0, instance:com.testng.parametersdemo.listenersdemo2.TestClass2@49c66ade]" started-at="2021-10-21T14:55:53Z" name="setUp2" finished-at="2021-10-21T14:56:08Z" duration-ms="14799" status="PASS">
          <reporter-output>
          </reporter-output>
        </test-method> <!-- setUp2 -->
        <test-method signature="case3()[pri:0, instance:com.testng.parametersdemo.listenersdemo2.TestClass2@49c66ade]" started-at="2021-10-21T14:56:08Z" name="case3" finished-at="2021-10-21T14:56:08Z" duration-ms="6" status="PASS">
          <reporter-output>
          </reporter-output>
        </test-method> <!-- case3 -->
        <test-method is-config="true" signature="tearDown2()[pri:0, instance:com.testng.parametersdemo.listenersdemo2.TestClass2@49c66ade]" started-at="2021-10-21T14:56:08Z" name="tearDown2" finished-at="2021-10-21T14:56:11Z" duration-ms="3123" status="PASS">
          <reporter-output>
          </reporter-output>
        </test-method> <!-- tearDown2 -->
        <test-method is-config="true" signature="setUp2()[pri:0, instance:com.testng.parametersdemo.listenersdemo2.TestClass2@49c66ade]" started-at="2021-10-21T14:56:11Z" name="setUp2" finished-at="2021-10-21T14:56:25Z" duration-ms="14463" status="PASS">
          <reporter-output>
          </reporter-output>
        </test-method> <!-- setUp2 -->
        <test-method signature="case4()[pri:0, instance:com.testng.parametersdemo.listenersdemo2.TestClass2@49c66ade]" started-at="2021-10-21T14:56:25Z" name="case4" finished-at="2021-10-21T14:56:25Z" duration-ms="2" status="FAIL">
          <exception class="java.lang.AssertionError">
            <full-stacktrace>
              <![CDATA[java.lang.AssertionError
at com.testng.parametersdemo.listenersdemo2.TestClass2.case4(TestClass2.java:27)
at java.base/jdk.internal.reflect.NativeMethodAccessorImpl.invoke0(Native Method)
at java.base/jdk.internal.reflect.NativeMethodAccessorImpl.invoke(NativeMethodAccessorImpl.java:64)
at java.base/jdk.internal.reflect.DelegatingMethodAccessorImpl.invoke(DelegatingMethodAccessorImpl.java:43)
at java.base/java.lang.reflect.Method.invoke(Method.java:564)
at org.testng.internal.MethodInvocationHelper.invokeMethod(MethodInvocationHelper.java:124)
at org.testng.internal.Invoker.invokeMethod(Invoker.java:583)
at org.testng.internal.Invoker.invokeTestMethod(Invoker.java:719)
at org.testng.internal.Invoker.invokeTestMethods(Invoker.java:989)
at org.testng.internal.TestMethodWorker.invokeTestMethods(TestMethodWorker.java:125)
at org.testng.internal.TestMethodWorker.run(TestMethodWorker.java:109)
at org.testng.TestRunner.privateRun(TestRunner.java:648)
at org.testng.TestRunner.run(TestRunner.java:505)
at org.testng.SuiteRunner.runTest(SuiteRunner.java:455)
at org.testng.SuiteRunner.runSequentially(SuiteRunner.java:450)
at org.testng.SuiteRunner.privateRun(SuiteRunner.java:415)
at org.testng.SuiteRunner.run(SuiteRunner.java:364)
at org.testng.SuiteRunnerWorker.runSuite(SuiteRunnerWorker.java:52)
at org.testng.SuiteRunnerWorker.run(SuiteRunnerWorker.java:84)
at org.testng.TestNG.runSuitesSequentially(TestNG.java:1208)
at org.testng.TestNG.runSuitesLocally(TestNG.java:1137)
at org.testng.TestNG.runSuites(TestNG.java:1049)
at org.testng.TestNG.run(TestNG.java:1017)
at org.testng.remote.AbstractRemoteTestNG.run(AbstractRemoteTestNG.java:115)
at org.testng.remote.RemoteTestNG.initAndRun(RemoteTestNG.java:251)
at org.testng.remote.RemoteTestNG.main(RemoteTestNG.java:77)
]]>
            </full-stacktrace>
          </exception> <!-- java.lang.AssertionError -->
          <reporter-output>
          </reporter-output>
        </test-method> <!-- case4 -->
        <test-method is-config="true" signature="tearDown2()[pri:0, instance:com.testng.parametersdemo.listenersdemo2.TestClass2@49c66ade]" started-at="2021-10-21T14:56:50Z" name="tearDown2" finished-at="2021-10-21T14:56:52Z" duration-ms="1615" status="PASS">
          <reporter-output>
          </reporter-output>
        </test-method> <!-- tearDown2 -->
      </class> <!-- com.testng.parametersdemo.listenersdemo2.TestClass2 -->
    </test> <!-- Default test -->
  </suite> <!-- Default suite -->
</testng-results>
